<?xml version="1.0" encoding="UTF-8"?>
<testsuite name="MyAllureReportsTest2" tests="1" skipped="0" failures="0" errors="0" timestamp="2017-02-22T10:47:34" hostname="SIDDHIVINAYAKA" time="6.997">
  <properties/>
  <testcase name="Test001NavigateToGoogleWebSite" classname="MyAllureReportsTest2" time="6.997"/>
  <system-out><![CDATA[]]></system-out>
  <system-err><![CDATA[]]></system-err>
</testsuite>
