<?xml version="1.0" encoding="UTF-8"?>
<testsuite name="MyAllureReportsTest1" tests="1" skipped="0" failures="0" errors="0" timestamp="2017-02-22T10:47:27" hostname="SIDDHIVINAYAKA" time="6.588">
  <properties/>
  <testcase name="Test001NavigateToGoogleWebSite" classname="MyAllureReportsTest1" time="6.588"/>
  <system-out><![CDATA[]]></system-out>
  <system-err><![CDATA[]]></system-err>
</testsuite>
